<?xml version="1.0" encoding="UTF-8"?>
<testsuite xmlns:xsi="http://www.w3.org/2001/XMLSchema-instance" xsi:noNamespaceSchemaLocation="https://maven.apache.org/surefire/maven-surefire-plugin/xsd/surefire-test-report.xsd" name="org.example.Mesto1Test" time="6.634" tests="2" errors="0" skipped="0" failures="0">
  <properties>
[...]
</properties>
  <testcase name="likeTheFirstPhoto" classname="org.example.Mesto1Test" time="6.048"/>
  <testcase name="addNewPhoto" classname="org.example.Mesto1Test" time="0.406"/>
</testsuite>